[0.022s] Invoking command in '/home/lyb/Desktop/dev_ws/build/joy_to_can': CMAKE_PREFIX_PATH=${CMAKE_PREFIX_PATH}:/opt/ros/foxy /usr/bin/cmake --build /home/lyb/Desktop/dev_ws/build/joy_to_can -- -j8 -l8
[0.075s] [35m[1mScanning dependencies of target joy_to_can_node[0m
[0.103s] [ 33%] [32mBuilding CXX object CMakeFiles/joy_to_can_node.dir/src/joy_to_can_node.cpp.o[0m
[1.099s] [01m[K/home/lyb/Desktop/dev_ws/src/joy_to_can/src/joy_to_can_node.cpp:[m[K In member function ‚Äò[01m[Kvoid JoyToCANNode::joy_callback(sensor_msgs::msg::Joy_<std::allocator<void> >::SharedPtr)[m[K‚Äô:
[1.099s] [01m[K/home/lyb/Desktop/dev_ws/src/joy_to_can/src/joy_to_can_node.cpp:94:41:[m[K [01;31m[Kerror: [m[Kno matching function for call to ‚Äò[01m[KJoyToCANNode::setMotorMode(int&, int, int, int)[m[K‚Äô
[1.099s]    94 |         setMotorMode(sock_, 1, 0x7005, 2[01;31m[K)[m[K; // ËÆæÁΩÆ‰∏∫ÈÄüÂ∫¶Ê®°Âºè
[1.099s]       |                                         [01;31m[K^[m[K
[1.100s] In file included from [01m[K/home/lyb/Desktop/dev_ws/src/joy_to_can/src/joy_to_can_node.cpp:1[m[K:
[1.100s] [01m[K/home/lyb/Desktop/dev_ws/src/joy_to_can/include/joy_to_can/joy_to_can_node.hpp:15:10:[m[K [01;36m[Knote: [m[Kcandidate: ‚Äò[01m[Kvoid JoyToCANNode::setMotorMode(uint8_t, uint16_t, uint8_t)[m[K‚Äô
[1.100s]    15 |     void [01;36m[KsetMotorMode[m[K(uint8_t motor_id, uint16_t index, uint8_t mode);
[1.100s]       |          [01;36m[K^~~~~~~~~~~~[m[K
[1.100s] [01m[K/home/lyb/Desktop/dev_ws/src/joy_to_can/include/joy_to_can/joy_to_can_node.hpp:15:10:[m[K [01;36m[Knote: [m[K  candidate expects 3 arguments, 4 provided
[1.100s] [01m[K/home/lyb/Desktop/dev_ws/src/joy_to_can/src/joy_to_can_node.cpp:98:41:[m[K [01;31m[Kerror: [m[Kno matching function for call to ‚Äò[01m[KJoyToCANNode::setMotorMode(int&, int, int, int)[m[K‚Äô
[1.100s]    98 |         setMotorMode(sock_, 1, 0x7005, 3[01;31m[K)[m[K; // ËÆæÁΩÆ‰∏∫‰ΩçÁΩÆÊ®°Âºè
[1.100s]       |                                         [01;31m[K^[m[K
[1.100s] In file included from [01m[K/home/lyb/Desktop/dev_ws/src/joy_to_can/src/joy_to_can_node.cpp:1[m[K:
[1.100s] [01m[K/home/lyb/Desktop/dev_ws/src/joy_to_can/include/joy_to_can/joy_to_can_node.hpp:15:10:[m[K [01;36m[Knote: [m[Kcandidate: ‚Äò[01m[Kvoid JoyToCANNode::setMotorMode(uint8_t, uint16_t, uint8_t)[m[K‚Äô
[1.100s]    15 |     void [01;36m[KsetMotorMode[m[K(uint8_t motor_id, uint16_t index, uint8_t mode);
[1.100s]       |          [01;36m[K^~~~~~~~~~~~[m[K
[1.100s] [01m[K/home/lyb/Desktop/dev_ws/src/joy_to_can/include/joy_to_can/joy_to_can_node.hpp:15:10:[m[K [01;36m[Knote: [m[K  candidate expects 3 arguments, 4 provided
[1.102s] [01m[K/home/lyb/Desktop/dev_ws/src/joy_to_can/src/joy_to_can_node.cpp:103:9:[m[K [01;31m[Kerror: [m[K‚Äò[01m[KsetMotorParameter[m[K‚Äô was not declared in this scope; did you mean ‚Äò[01m[Kset_parameter[m[K‚Äô?
[1.102s]   103 |         [01;31m[KsetMotorParameter[m[K(sock_, 1, 0x7016, speed);
[1.102s]       |         [01;31m[K^~~~~~~~~~~~~~~~~[m[K
[1.102s]       |         [32m[Kset_parameter[m[K
[1.104s] [01m[K/home/lyb/Desktop/dev_ws/src/joy_to_can/src/joy_to_can_node.cpp:108:9:[m[K [01;31m[Kerror: [m[K‚Äò[01m[KsetMotorParameter[m[K‚Äô was not declared in this scope; did you mean ‚Äò[01m[Kset_parameter[m[K‚Äô?
[1.104s]   108 |         [01;31m[KsetMotorParameter[m[K(sock_, 1, 0x7016, position);
[1.104s]       |         [01;31m[K^~~~~~~~~~~~~~~~~[m[K
[1.104s]       |         [32m[Kset_parameter[m[K
[1.104s] [01m[K/home/lyb/Desktop/dev_ws/src/joy_to_can/src/joy_to_can_node.cpp:[m[K In member function ‚Äò[01m[Kvoid JoyToCANNode::setMotorPosition(uint8_t, float)[m[K‚Äô:
[1.104s] [01m[K/home/lyb/Desktop/dev_ws/src/joy_to_can/src/joy_to_can_node.cpp:114:45:[m[K [01;35m[Kwarning: [m[Kunused parameter ‚Äò[01m[Kmotor_id[m[K‚Äô [[01;35m[K-Wunused-parameter[m[K]
[1.104s]   114 | void JoyToCANNode::setMotorPosition([01;35m[Kuint8_t motor_id[m[K, float position) {
[1.104s]       |                                     [01;35m[K~~~~~~~~^~~~~~~~[m[K
[1.105s] [01m[K/home/lyb/Desktop/dev_ws/src/joy_to_can/src/joy_to_can_node.cpp:[m[K In function ‚Äò[01m[Kvoid setMotorParameter(uint8_t, uint16_t, float)[m[K‚Äô:
[1.105s] [01m[K/home/lyb/Desktop/dev_ws/src/joy_to_can/src/joy_to_can_node.cpp:151:19:[m[K [01;31m[Kerror: [m[K‚Äò[01m[Ksock_[m[K‚Äô was not declared in this scope
[1.105s]   151 |     CAN_SendFrame([01;31m[Ksock_[m[K, &frame);
[1.105s]       |                   [01;31m[K^~~~~[m[K
[1.105s] [01m[K/home/lyb/Desktop/dev_ws/src/joy_to_can/src/joy_to_can_node.cpp:133:32:[m[K [01;35m[Kwarning: [m[Kunused parameter ‚Äò[01m[Kmotor_id[m[K‚Äô [[01;35m[K-Wunused-parameter[m[K]
[1.105s]   133 | void setMotorParameter([01;35m[Kuint8_t motor_id[m[K, uint16_t index, float value) {
[1.105s]       |                        [01;35m[K~~~~~~~~^~~~~~~~[m[K
[1.106s] [01m[K/home/lyb/Desktop/dev_ws/src/joy_to_can/src/joy_to_can_node.cpp:[m[K In function ‚Äò[01m[Kvoid setMotorMode(uint8_t, uint16_t, uint8_t)[m[K‚Äô:
[1.106s] [01m[K/home/lyb/Desktop/dev_ws/src/joy_to_can/src/joy_to_can_node.cpp:165:19:[m[K [01;31m[Kerror: [m[K‚Äò[01m[Ksock_[m[K‚Äô was not declared in this scope
[1.106s]   165 |     CAN_SendFrame([01;31m[Ksock_[m[K, &frame);
[1.106s]       |                   [01;31m[K^~~~~[m[K
[1.106s] [01m[K/home/lyb/Desktop/dev_ws/src/joy_to_can/src/joy_to_can_node.cpp:154:27:[m[K [01;35m[Kwarning: [m[Kunused parameter ‚Äò[01m[Kmotor_id[m[K‚Äô [[01;35m[K-Wunused-parameter[m[K]
[1.106s]   154 | void setMotorMode([01;35m[Kuint8_t motor_id[m[K, uint16_t index, uint8_t mode) {
[1.107s]       |                   [01;35m[K~~~~~~~~^~~~~~~~[m[K
[2.368s] make[2]: *** [CMakeFiles/joy_to_can_node.dir/build.make:63: CMakeFiles/joy_to_can_node.dir/src/joy_to_can_node.cpp.o] Error 1
[2.369s] make[1]: *** [CMakeFiles/Makefile2:78: CMakeFiles/joy_to_can_node.dir/all] Error 2
[2.369s] make: *** [Makefile:141: all] Error 2
[2.372s] Invoked command in '/home/lyb/Desktop/dev_ws/build/joy_to_can' returned '2': CMAKE_PREFIX_PATH=${CMAKE_PREFIX_PATH}:/opt/ros/foxy /usr/bin/cmake --build /home/lyb/Desktop/dev_ws/build/joy_to_can -- -j8 -l8
