[0.013s] Invoking command in '/home/lyb/Desktop/dev_ws/build/ps_controller': /usr/bin/cmake --build /home/lyb/Desktop/dev_ws/build/ps_controller -- -j8 -l8
[0.037s] -- Found ament_cmake: 0.9.12 (/opt/ros/foxy/share/ament_cmake/cmake)
[0.056s] -- Using PYTHON_EXECUTABLE: /usr/bin/python3
[0.186s] Traceback (most recent call last):
[0.186s]   File "/opt/ros/foxy/share/ament_cmake_core/cmake/package_templates/templates_2_cmake.py", line 21, in <module>
[0.187s]     from ament_package.templates import get_environment_hook_template_path
[0.187s] ModuleNotFoundError: No module named 'ament_package'
[0.199s] CMake Error at /opt/ros/foxy/share/ament_cmake_core/cmake/ament_cmake_package_templates-extras.cmake:41 (message):
[0.200s]   execute_process(/usr/bin/python3
[0.200s]   /opt/ros/foxy/share/ament_cmake_core/cmake/package_templates/templates_2_cmake.py
[0.200s]   /home/lyb/Desktop/dev_ws/build/ps_controller/ament_cmake_package_templates/templates.cmake)
[0.200s]   returned error code 1
[0.200s] Call Stack (most recent call first):
[0.200s]   /opt/ros/foxy/share/ament_cmake_core/cmake/ament_cmake_coreConfig.cmake:41 (include)
[0.200s]   /opt/ros/foxy/share/ament_cmake/cmake/ament_cmake_export_dependencies-extras.cmake:15 (find_package)
[0.200s]   /opt/ros/foxy/share/ament_cmake/cmake/ament_cmakeConfig.cmake:41 (include)
[0.200s]   CMakeLists.txt:19 (find_package)
[0.200s] 
[0.201s] 
[0.201s] -- Configuring incomplete, errors occurred!
[0.201s] See also "/home/lyb/Desktop/dev_ws/build/ps_controller/CMakeFiles/CMakeOutput.log".
[0.202s] make: *** [Makefile:266: cmake_check_build_system] Error 1
[0.207s] Invoked command in '/home/lyb/Desktop/dev_ws/build/ps_controller' returned '2': /usr/bin/cmake --build /home/lyb/Desktop/dev_ws/build/ps_controller -- -j8 -l8
