[0.014s] Invoking command in '/home/lyb/Desktop/dev_ws/build/ps_controller': /usr/bin/cmake --build /home/lyb/Desktop/dev_ws/build/ps_controller -- -j8 -l8
[0.040s] -- Found ament_cmake: 0.9.12 (/opt/ros/foxy/share/ament_cmake/cmake)
[0.056s] -- Using PYTHON_EXECUTABLE: /usr/bin/python3
[0.236s] Traceback (most recent call last):
[0.237s]   File "/opt/ros/foxy/share/ament_cmake_core/cmake/package_templates/templates_2_cmake.py", line 21, in <module>
[0.237s]     from ament_package.templates import get_environment_hook_template_path
[0.237s] ModuleNotFoundError: No module named 'ament_package'
[0.255s] CMake Error at /opt/ros/foxy/share/ament_cmake_core/cmake/ament_cmake_package_templates-extras.cmake:41 (message):
[0.255s]   execute_process(/usr/bin/python3
[0.255s]   /opt/ros/foxy/share/ament_cmake_core/cmake/package_templates/templates_2_cmake.py
[0.255s]   /home/lyb/Desktop/dev_ws/build/ps_controller/ament_cmake_package_templates/templates.cmake)
[0.255s]   returned error code 1
[0.255s] Call Stack (most recent call first):
[0.255s]   /opt/ros/foxy/share/ament_cmake_core/cmake/ament_cmake_coreConfig.cmake:41 (include)
[0.255s]   /opt/ros/foxy/share/ament_cmake/cmake/ament_cmake_export_dependencies-extras.cmake:15 (find_package)
[0.255s]   /opt/ros/foxy/share/ament_cmake/cmake/ament_cmakeConfig.cmake:41 (include)
[0.255s]   CMakeLists.txt:19 (find_package)
[0.256s] 
[0.256s] 
[0.256s] -- Configuring incomplete, errors occurred!
[0.256s] See also "/home/lyb/Desktop/dev_ws/build/ps_controller/CMakeFiles/CMakeOutput.log".
[0.259s] make: *** [Makefile:266: cmake_check_build_system] Error 1
[0.264s] Invoked command in '/home/lyb/Desktop/dev_ws/build/ps_controller' returned '2': /usr/bin/cmake --build /home/lyb/Desktop/dev_ws/build/ps_controller -- -j8 -l8
