[35m[1mScanning dependencies of target joy_to_can_node[0m
[ 33%] [32mBuilding CXX object CMakeFiles/joy_to_can_node.dir/src/joy_to_can_node.cpp.o[0m
[01m[K/home/lyb/Desktop/dev_ws/src/joy_to_can/src/joy_to_can_node.cpp:[m[K In member function â€˜[01m[Kvoid JoyToCANNode::joy_callback(sensor_msgs::msg::Joy_<std::allocator<void> >::SharedPtr)[m[Kâ€™:
[01m[K/home/lyb/Desktop/dev_ws/src/joy_to_can/src/joy_to_can_node.cpp:144:22:[m[K [01;31m[Kerror: [m[Ktoo few arguments to function â€˜[01m[Kvoid Motor_Enable(int)[m[Kâ€™
  144 |         Motor_Enable([01;31m[K)[m[K;
      |                      [01;31m[K^[m[K
[01m[K/home/lyb/Desktop/dev_ws/src/joy_to_can/src/joy_to_can_node.cpp:45:6:[m[K [01;36m[Knote: [m[Kdeclared here
   45 | void [01;36m[KMotor_Enable[m[K(int sock) {
      |      [01;36m[K^~~~~~~~~~~~[m[K
[01m[K/home/lyb/Desktop/dev_ws/src/joy_to_can/src/joy_to_can_node.cpp:149:20:[m[K [01;31m[Kerror: [m[Ktoo few arguments to function â€˜[01m[Kvoid Motor_Stop(int)[m[Kâ€™
  149 |         Motor_Stop([01;31m[K)[m[K;
      |                    [01;31m[K^[m[K
[01m[K/home/lyb/Desktop/dev_ws/src/joy_to_can/src/joy_to_can_node.cpp:55:6:[m[K [01;36m[Knote: [m[Kdeclared here
   55 | void [01;36m[KMotor_Stop[m[K(int sock) {
      |      [01;36m[K^~~~~~~~~~[m[K
make[2]: *** [CMakeFiles/joy_to_can_node.dir/build.make:63: CMakeFiles/joy_to_can_node.dir/src/joy_to_can_node.cpp.o] Error 1
make[1]: *** [CMakeFiles/Makefile2:78: CMakeFiles/joy_to_can_node.dir/all] Error 2
make: *** [Makefile:141: all] Error 2
