[35m[1mScanning dependencies of target joy_to_can_node[0m
[ 33%] [32mBuilding CXX object CMakeFiles/joy_to_can_node.dir/src/main.cpp.o[0m
[01m[K/home/lyb/Desktop/dev_ws/src/joy_to_can/src/main.cpp:[m[K In member function â€˜[01m[Kvoid JoyToCANNode::setup_can_socket()[m[Kâ€™:
[01m[K/home/lyb/Desktop/dev_ws/src/joy_to_can/src/main.cpp:20:29:[m[K [01;31m[Kerror: [m[Kâ€˜[01m[KPF_CAN[m[Kâ€™ was not declared in this scope; did you mean â€˜[01m[KFP_NAN[m[Kâ€™?
   20 |         if ((sock_ = socket([01;31m[KPF_CAN[m[K, SOCK_RAW, CAN_RAW)) < 0) {
      |                             [01;31m[K^~~~~~[m[K
      |                             [32m[KFP_NAN[m[K
[01m[K/home/lyb/Desktop/dev_ws/src/joy_to_can/src/main.cpp:20:37:[m[K [01;31m[Kerror: [m[Kâ€˜[01m[KSOCK_RAW[m[Kâ€™ was not declared in this scope
   20 |         if ((sock_ = socket(PF_CAN, [01;31m[KSOCK_RAW[m[K, CAN_RAW)) < 0) {
      |                                     [01;31m[K^~~~~~~~[m[K
[01m[K/home/lyb/Desktop/dev_ws/src/joy_to_can/src/main.cpp:20:47:[m[K [01;31m[Kerror: [m[Kâ€˜[01m[KCAN_RAW[m[Kâ€™ was not declared in this scope
   20 |         if ((sock_ = socket(PF_CAN, SOCK_RAW, [01;31m[KCAN_RAW[m[K)) < 0) {
      |                                               [01;31m[K^~~~~~~[m[K
[01m[K/home/lyb/Desktop/dev_ws/src/joy_to_can/src/main.cpp:20:22:[m[K [01;31m[Kerror: [m[Kâ€˜[01m[Ksocket[m[Kâ€™ was not declared in this scope; did you mean â€˜[01m[Ksock_[m[Kâ€™?
   20 |         if ((sock_ = [01;31m[Ksocket[m[K(PF_CAN, SOCK_RAW, CAN_RAW)) < 0) {
      |                      [01;31m[K^~~~~~[m[K
      |                      [32m[Ksock_[m[K
[01m[K/home/lyb/Desktop/dev_ws/src/joy_to_can/src/main.cpp:25:22:[m[K [01;31m[Kerror: [m[Kaggregate â€˜[01m[KJoyToCANNode::setup_can_socket()::ifreq ifr[m[Kâ€™ has incomplete type and cannot be defined
   25 |         struct ifreq [01;31m[Kifr[m[K;
      |                      [01;31m[K^~~[m[K
[01m[K/home/lyb/Desktop/dev_ws/src/joy_to_can/src/main.cpp:27:22:[m[K [01;31m[Kerror: [m[Kâ€˜[01m[KSIOCGIFINDEX[m[Kâ€™ was not declared in this scope
   27 |         ioctl(sock_, [01;31m[KSIOCGIFINDEX[m[K, &ifr);
      |                      [01;31m[K^~~~~~~~~~~~[m[K
[01m[K/home/lyb/Desktop/dev_ws/src/joy_to_can/src/main.cpp:27:9:[m[K [01;31m[Kerror: [m[Kâ€˜[01m[Kioctl[m[Kâ€™ was not declared in this scope
   27 |         [01;31m[Kioctl[m[K(sock_, SIOCGIFINDEX, &ifr);
      |         [01;31m[K^~~~~[m[K
[01m[K/home/lyb/Desktop/dev_ws/src/joy_to_can/src/main.cpp:29:29:[m[K [01;31m[Kerror: [m[Kaggregate â€˜[01m[KJoyToCANNode::setup_can_socket()::sockaddr_can addr[m[Kâ€™ has incomplete type and cannot be defined
   29 |         struct sockaddr_can [01;31m[Kaddr[m[K;
      |                             [01;31m[K^~~~[m[K
[01m[K/home/lyb/Desktop/dev_ws/src/joy_to_can/src/main.cpp:30:27:[m[K [01;31m[Kerror: [m[Kâ€˜[01m[KAF_CAN[m[Kâ€™ was not declared in this scope
   30 |         addr.can_family = [01;31m[KAF_CAN[m[K;
      |                           [01;31m[K^~~~~~[m[K
[01m[K/home/lyb/Desktop/dev_ws/src/joy_to_can/src/main.cpp:33:13:[m[K [01;31m[Kerror: [m[Kâ€˜[01m[Kbind[m[Kâ€™ was not declared in this scope; did you mean â€˜[01m[Kstd::bind[m[Kâ€™?
   33 |         if ([01;31m[Kbind[m[K(sock_, (struct sockaddr *)&addr, sizeof(addr)) < 0) {
      |             [01;31m[K^~~~[m[K
      |             [32m[Kstd::bind[m[K
In file included from [01m[K/opt/ros/foxy/include/rclcpp/context.hpp:19[m[K,
                 from [01m[K/opt/ros/foxy/include/rclcpp/contexts/default_context.hpp:18[m[K,
                 from [01m[K/opt/ros/foxy/include/rclcpp/executor.hpp:32[m[K,
                 from [01m[K/opt/ros/foxy/include/rclcpp/executors/multi_threaded_executor.hpp:26[m[K,
                 from [01m[K/opt/ros/foxy/include/rclcpp/executors.hpp:21[m[K,
                 from [01m[K/opt/ros/foxy/include/rclcpp/rclcpp.hpp:146[m[K,
                 from [01m[K/home/lyb/Desktop/dev_ws/src/joy_to_can/src/main.cpp:1[m[K:
[01m[K/usr/include/c++/9/functional:832:5:[m[K [01;36m[Knote: [m[Kâ€˜[01m[Kstd::bind[m[Kâ€™ declared here
  832 |     [01;36m[Kbind[m[K(_Func&& __f, _BoundArgs&&... __args)
      |     [01;36m[K^~~~[m[K
[01m[K/home/lyb/Desktop/dev_ws/src/joy_to_can/src/main.cpp:[m[K In member function â€˜[01m[Kvoid JoyToCANNode::joy_callback(sensor_msgs::msg::Joy_<std::allocator<void> >::SharedPtr)[m[Kâ€™:
[01m[K/home/lyb/Desktop/dev_ws/src/joy_to_can/src/main.cpp:41:13:[m[K [01;31m[Kerror: [m[Kâ€˜[01m[KMotor_Enable[m[Kâ€™ was not declared in this scope
   41 |             [01;31m[KMotor_Enable[m[K(sock_);
      |             [01;31m[K^~~~~~~~~~~~[m[K
[01m[K/home/lyb/Desktop/dev_ws/src/joy_to_can/src/main.cpp:50:13:[m[K [01;31m[Kerror: [m[Kâ€˜[01m[KMotor_Stop[m[Kâ€™ was not declared in this scope
   50 |             [01;31m[KMotor_Stop[m[K(sock_);
      |             [01;31m[K^~~~~~~~~~[m[K
[01m[K/home/lyb/Desktop/dev_ws/src/joy_to_can/src/main.cpp:[m[K In member function â€˜[01m[Kvoid JoyToCANNode::setMotorPosition(uint8_t, float)[m[Kâ€™:
[01m[K/home/lyb/Desktop/dev_ws/src/joy_to_can/src/main.cpp:70:9:[m[K [01;31m[Kerror: [m[Kâ€˜[01m[KCAN_SendFrame[m[Kâ€™ was not declared in this scope
   70 |         [01;31m[KCAN_SendFrame[m[K(sock_, &frame);
      |         [01;31m[K^~~~~~~~~~~~~[m[K
[01m[K/home/lyb/Desktop/dev_ws/src/joy_to_can/src/main.cpp:54:35:[m[K [01;35m[Kwarning: [m[Kunused parameter â€˜[01m[Kmotor_id[m[Kâ€™ [[01;35m[K-Wunused-parameter[m[K]
   54 |     void setMotorPosition([01;35m[Kuint8_t motor_id[m[K, float position) {
      |                           [01;35m[K~~~~~~~~^~~~~~~~[m[K
make[2]: *** [CMakeFiles/joy_to_can_node.dir/build.make:76: CMakeFiles/joy_to_can_node.dir/src/main.cpp.o] Error 1
make[1]: *** [CMakeFiles/Makefile2:78: CMakeFiles/joy_to_can_node.dir/all] Error 2
make: *** [Makefile:141: all] Error 2
