[35m[1mScanning dependencies of target joy_to_can_node[0m
[ 33%] [32mBuilding CXX object CMakeFiles/joy_to_can_node.dir/src/joy_to_can_node.cpp.o[0m
[01m[K/home/lyb/Desktop/dev_ws/src/joy_to_can/src/joy_to_can_node.cpp:[m[K In member function â€˜[01m[Kvoid JoyToCANNode::joy_callback(sensor_msgs::msg::Joy_<std::allocator<void> >::SharedPtr)[m[Kâ€™:
[01m[K/home/lyb/Desktop/dev_ws/src/joy_to_can/src/joy_to_can_node.cpp:103:9:[m[K [01;31m[Kerror: [m[Kâ€˜[01m[KsetMotorParameter[m[Kâ€™ was not declared in this scope; did you mean â€˜[01m[Kset_parameter[m[Kâ€™?
  103 |         [01;31m[KsetMotorParameter[m[K(1, 0x7016, speed);
      |         [01;31m[K^~~~~~~~~~~~~~~~~[m[K
      |         [32m[Kset_parameter[m[K
[01m[K/home/lyb/Desktop/dev_ws/src/joy_to_can/src/joy_to_can_node.cpp:108:9:[m[K [01;31m[Kerror: [m[Kâ€˜[01m[KsetMotorParameter[m[Kâ€™ was not declared in this scope; did you mean â€˜[01m[Kset_parameter[m[Kâ€™?
  108 |         [01;31m[KsetMotorParameter[m[K(1, 0x7016, position);
      |         [01;31m[K^~~~~~~~~~~~~~~~~[m[K
      |         [32m[Kset_parameter[m[K
[01m[K/home/lyb/Desktop/dev_ws/src/joy_to_can/src/joy_to_can_node.cpp:[m[K In member function â€˜[01m[Kvoid JoyToCANNode::setMotorPosition(uint8_t, float)[m[Kâ€™:
[01m[K/home/lyb/Desktop/dev_ws/src/joy_to_can/src/joy_to_can_node.cpp:114:45:[m[K [01;35m[Kwarning: [m[Kunused parameter â€˜[01m[Kmotor_id[m[Kâ€™ [[01;35m[K-Wunused-parameter[m[K]
  114 | void JoyToCANNode::setMotorPosition([01;35m[Kuint8_t motor_id[m[K, float position) {
      |                                     [01;35m[K~~~~~~~~^~~~~~~~[m[K
[01m[K/home/lyb/Desktop/dev_ws/src/joy_to_can/src/joy_to_can_node.cpp:[m[K At global scope:
[01m[K/home/lyb/Desktop/dev_ws/src/joy_to_can/src/joy_to_can_node.cpp:133:6:[m[K [01;31m[Kerror: [m[Kno declaration matches â€˜[01m[Kvoid JoyToCANNode::setMotorParameter(uint8_t, uint16_t, float)[m[Kâ€™
  133 | void [01;31m[KJoyToCANNode[m[K::setMotorParameter(uint8_t motor_id, uint16_t index, float value) {
      |      [01;31m[K^~~~~~~~~~~~[m[K
[01m[K/home/lyb/Desktop/dev_ws/src/joy_to_can/src/joy_to_can_node.cpp:133:6:[m[K [01;36m[Knote: [m[Kno functions named â€˜[01m[Kvoid JoyToCANNode::setMotorParameter(uint8_t, uint16_t, float)[m[Kâ€™
In file included from [01m[K/home/lyb/Desktop/dev_ws/src/joy_to_can/src/joy_to_can_node.cpp:1[m[K:
[01m[K/home/lyb/Desktop/dev_ws/src/joy_to_can/include/joy_to_can/joy_to_can_node.hpp:11:7:[m[K [01;36m[Knote: [m[Kâ€˜[01m[Kclass JoyToCANNode[m[Kâ€™ defined here
   11 | class [01;36m[KJoyToCANNode[m[K : public rclcpp::Node {
      |       [01;36m[K^~~~~~~~~~~~[m[K
[01m[K/home/lyb/Desktop/dev_ws/src/joy_to_can/src/joy_to_can_node.cpp:[m[K In function â€˜[01m[Kvoid setMotorMode(uint8_t, uint16_t, uint8_t)[m[Kâ€™:
[01m[K/home/lyb/Desktop/dev_ws/src/joy_to_can/src/joy_to_can_node.cpp:165:19:[m[K [01;31m[Kerror: [m[Kâ€˜[01m[Ksock_[m[Kâ€™ was not declared in this scope
  165 |     CAN_SendFrame([01;31m[Ksock_[m[K, &frame);
      |                   [01;31m[K^~~~~[m[K
[01m[K/home/lyb/Desktop/dev_ws/src/joy_to_can/src/joy_to_can_node.cpp:154:27:[m[K [01;35m[Kwarning: [m[Kunused parameter â€˜[01m[Kmotor_id[m[Kâ€™ [[01;35m[K-Wunused-parameter[m[K]
  154 | void setMotorMode([01;35m[Kuint8_t motor_id[m[K, uint16_t index, uint8_t mode) {
      |                   [01;35m[K~~~~~~~~^~~~~~~~[m[K
make[2]: *** [CMakeFiles/joy_to_can_node.dir/build.make:63: CMakeFiles/joy_to_can_node.dir/src/joy_to_can_node.cpp.o] Error 1
make[1]: *** [CMakeFiles/Makefile2:78: CMakeFiles/joy_to_can_node.dir/all] Error 2
make: *** [Makefile:141: all] Error 2
